c:\study\2 курс курсовые\ооп\consoleapplication1\consoleapplication1\debug\vc142.pdb
c:\study\2 курс курсовые\ооп\consoleapplication1\consoleapplication1\debug\vc142.idb
c:\study\2 курс курсовые\ооп\consoleapplication1\consoleapplication1\debug\сhainsaw.obj
c:\study\2 курс курсовые\ооп\consoleapplication1\consoleapplication1\debug\trimmingsaw.obj
c:\study\2 курс курсовые\ооп\consoleapplication1\consoleapplication1\debug\screwdriver.obj
c:\study\2 курс курсовые\ооп\consoleapplication1\consoleapplication1\debug\heatingpt.obj
c:\study\2 курс курсовые\ооп\consoleapplication1\consoleapplication1\debug\powertools.obj
c:\study\2 курс курсовые\ооп\consoleapplication1\consoleapplication1\debug\main.obj
c:\study\2 курс курсовые\ооп\consoleapplication1\consoleapplication1\debug\gluegan.obj
c:\study\2 курс курсовые\ооп\consoleapplication1\consoleapplication1\debug\electricsaw.obj
c:\study\2 курс курсовые\ооп\consoleapplication1\consoleapplication1\debug\electricdrill.obj
c:\study\2 курс курсовые\ооп\consoleapplication1\consoleapplication1\debug\circularsaw.obj
c:\study\2 курс курсовые\ооп\consoleapplication1\consoleapplication1\debug\chairdryer.obj
c:\study\2 курс курсовые\ооп\consoleapplication1\debug\consoleapplication1.exe
c:\study\2 курс курсовые\ооп\consoleapplication1\debug\consoleapplication1.ilk
c:\study\2 курс курсовые\ооп\consoleapplication1\debug\consoleapplication1.pdb
c:\study\2 курс курсовые\ооп\consoleapplication1\consoleapplication1\debug\consolea.4db8b7c4.tlog\cl.command.1.tlog
c:\study\2 курс курсовые\ооп\consoleapplication1\consoleapplication1\debug\consolea.4db8b7c4.tlog\cl.read.1.tlog
c:\study\2 курс курсовые\ооп\consoleapplication1\consoleapplication1\debug\consolea.4db8b7c4.tlog\cl.write.1.tlog
c:\study\2 курс курсовые\ооп\consoleapplication1\consoleapplication1\debug\consolea.4db8b7c4.tlog\link.command.1.tlog
c:\study\2 курс курсовые\ооп\consoleapplication1\consoleapplication1\debug\consolea.4db8b7c4.tlog\link.read.1.tlog
c:\study\2 курс курсовые\ооп\consoleapplication1\consoleapplication1\debug\consolea.4db8b7c4.tlog\link.write.1.tlog
